<?xml version="1.0" encoding="UTF-8"?>
<testsuite name="com.trogers.HelloWorldTest" tests="2" skipped="0" failures="0" errors="0" timestamp="2017-12-28T11:25:36" hostname="Timothys-MacBook-Air.local" time="0.097">
  <properties/>
  <testcase name="oneLog" classname="com.trogers.HelloWorldTest" time="0.078"/>
  <testcase name="twoLog" classname="com.trogers.HelloWorldTest" time="0.012"/>
  <system-out><![CDATA[2017-12-28 03:25:35.602  INFO   --- [    Test worker] o.s.t.c.s.DefaultTestContextBootstrapper : Neither @ContextConfiguration nor @ContextHierarchy found for test class [com.trogers.HelloWorldTest], using DelegatingSmartContextLoader
2017-12-28 03:25:35.620  INFO   --- [    Test worker] o.s.t.c.support.AbstractContextLoader    : Could not detect default resource locations for test class [com.trogers.HelloWorldTest]: no resource found for suffixes {-context.xml}.
2017-12-28 03:25:35.622  INFO   --- [    Test worker] t.c.s.AnnotationConfigContextLoaderUtils : Could not detect default configuration classes for test class [com.trogers.HelloWorldTest]: HelloWorldTest does not declare any static, non-private, non-final, nested classes annotated with @Configuration.
2017-12-28 03:25:35.691  INFO   --- [    Test worker] o.s.t.c.s.DefaultTestContextBootstrapper : Loaded default TestExecutionListener class names from location [META-INF/spring.factories]: [org.springframework.boot.test.autoconfigure.restdocs.RestDocsTestExecutionListener, org.springframework.boot.test.autoconfigure.web.client.MockRestServiceServerResetTestExecutionListener, org.springframework.boot.test.autoconfigure.web.servlet.MockMvcPrintOnlyOnFailureTestExecutionListener, org.springframework.boot.test.autoconfigure.web.servlet.WebDriverTestExecutionListener, org.springframework.boot.test.mock.mockito.MockitoTestExecutionListener, org.springframework.boot.test.mock.mockito.ResetMocksTestExecutionListener, org.springframework.test.context.web.ServletTestExecutionListener, org.springframework.test.context.support.DirtiesContextBeforeModesTestExecutionListener, org.springframework.test.context.support.DependencyInjectionTestExecutionListener, org.springframework.test.context.support.DirtiesContextTestExecutionListener, org.springframework.test.context.transaction.TransactionalTestExecutionListener, org.springframework.test.context.jdbc.SqlScriptsTestExecutionListener]
2017-12-28 03:25:35.700  INFO   --- [    Test worker] o.s.t.c.s.DefaultTestContextBootstrapper : Could not instantiate TestExecutionListener [org.springframework.test.context.jdbc.SqlScriptsTestExecutionListener]. Specify custom listener classes or make the default listener classes (and their required dependencies) available. Offending class: [org/springframework/transaction/interceptor/TransactionAttribute]
2017-12-28 03:25:35.710  INFO   --- [    Test worker] o.s.t.c.s.DefaultTestContextBootstrapper : Could not instantiate TestExecutionListener [org.springframework.test.context.transaction.TransactionalTestExecutionListener]. Specify custom listener classes or make the default listener classes (and their required dependencies) available. Offending class: [org/springframework/transaction/interceptor/TransactionAttributeSource]
2017-12-28 03:25:35.711  INFO   --- [    Test worker] o.s.t.c.s.DefaultTestContextBootstrapper : Using TestExecutionListeners: [org.springframework.test.context.web.ServletTestExecutionListener@dd6fc56, org.springframework.test.context.support.DirtiesContextBeforeModesTestExecutionListener@6dc0aa18, org.springframework.test.context.support.DependencyInjectionTestExecutionListener@31cf34e6, org.springframework.test.context.support.DirtiesContextTestExecutionListener@a7c5a5b, org.springframework.boot.test.autoconfigure.web.servlet.MockMvcPrintOnlyOnFailureTestExecutionListener@3072230e, org.springframework.boot.test.mock.mockito.ResetMocksTestExecutionListener@580adf72, org.springframework.boot.test.autoconfigure.web.servlet.WebDriverTestExecutionListener@102aa891, org.springframework.boot.test.mock.mockito.MockitoTestExecutionListener@786c964d, org.springframework.boot.test.autoconfigure.restdocs.RestDocsTestExecutionListener@59a7a01d, org.springframework.boot.test.autoconfigure.web.client.MockRestServiceServerResetTestExecutionListener@57d80514]
2017-12-28 03:25:35.857  INFO   --- [    Test worker] o.s.c.support.GenericApplicationContext  : Refreshing org.springframework.context.support.GenericApplicationContext@5ea28735: startup date [Thu Dec 28 03:25:35 PST 2017]; root of context hierarchy
2017-12-28 03:25:36.242 DEBUG   --- [    Test worker] com.trogers.HelloWorld                   : XXXXXXXXXXXX: XXXXX
.03:25:36.275 [Test worker] DEBUG com.trogers.MetricThingy - METRIC ZZZZZZZZZZZ: ZZZZZZZ 
]]></system-out>
  <system-err><![CDATA[]]></system-err>
</testsuite>
